<?xml version="1.0" encoding="UTF-8"?>
<coverage generated="1610329000172" clover="3.2.0">
  <project timestamp="1610329000172" name="All files">
    <metrics statements="38" coveredstatements="38" conditionals="12" coveredconditionals="12" methods="18" coveredmethods="18" elements="68" coveredelements="68" complexity="0" loc="38" ncloc="38" packages="1" files="4" classes="4"/>
    <file name="ProxyBuilder.js" path="/Users/dannyyassine/Documents/dev/vuex-objectify/src/ProxyBuilder.js">
      <metrics statements="11" coveredstatements="11" conditionals="3" coveredconditionals="3" methods="7" coveredmethods="7"/>
      <line num="5" count="3" type="stmt"/>
      <line num="6" count="3" type="stmt"/>
      <line num="10" count="3" type="stmt"/>
      <line num="11" count="3" type="stmt"/>
      <line num="15" count="1" type="stmt"/>
      <line num="17" count="1" type="stmt"/>
      <line num="21" count="3" type="stmt"/>
      <line num="22" count="3" type="stmt"/>
      <line num="24" count="25" type="stmt"/>
      <line num="26" count="19" type="cond" truecount="2" falsecount="0"/>
      <line num="29" count="3" type="stmt"/>
    </file>
    <file name="helpers.js" path="/Users/dannyyassine/Documents/dev/vuex-objectify/src/helpers.js">
      <metrics statements="11" coveredstatements="11" conditionals="0" coveredconditionals="0" methods="7" coveredmethods="7"/>
      <line num="2" count="11" type="stmt"/>
      <line num="3" count="11" type="stmt"/>
      <line num="10" count="1" type="stmt"/>
      <line num="11" count="1" type="stmt"/>
      <line num="12" count="1" type="stmt"/>
      <line num="17" count="1" type="stmt"/>
      <line num="18" count="2" type="stmt"/>
      <line num="19" count="2" type="stmt"/>
      <line num="24" count="1" type="stmt"/>
      <line num="25" count="8" type="stmt"/>
      <line num="26" count="8" type="stmt"/>
    </file>
    <file name="index.js" path="/Users/dannyyassine/Documents/dev/vuex-objectify/src/index.js">
      <metrics statements="0" coveredstatements="0" conditionals="0" coveredconditionals="0" methods="0" coveredmethods="0"/>
    </file>
    <file name="plugin.js" path="/Users/dannyyassine/Documents/dev/vuex-objectify/src/plugin.js">
      <metrics statements="16" coveredstatements="16" conditionals="9" coveredconditionals="9" methods="4" coveredmethods="4"/>
      <line num="4" count="1" type="stmt"/>
      <line num="10" count="3" type="cond" truecount="2" falsecount="0"/>
      <line num="11" count="1" type="stmt"/>
      <line num="14" count="2" type="stmt"/>
      <line num="16" count="2" type="cond" truecount="2" falsecount="0"/>
      <line num="17" count="1" type="stmt"/>
      <line num="18" count="1" type="stmt"/>
      <line num="19" count="1" type="stmt"/>
      <line num="22" count="2" type="cond" truecount="4" falsecount="0"/>
      <line num="23" count="1" type="stmt"/>
      <line num="33" count="1" type="stmt"/>
      <line num="34" count="1" type="stmt"/>
      <line num="37" count="1" type="stmt"/>
      <line num="38" count="2" type="stmt"/>
      <line num="41" count="1" type="stmt"/>
      <line num="42" count="8" type="stmt"/>
    </file>
  </project>
</coverage>
