{"/Users/dannyyassine/Documents/dev/vuex-objectify/src/ProxyBuilder.js": {"path":"/Users/dannyyassine/Documents/dev/vuex-objectify/src/ProxyBuilder.js","statementMap":{"0":{"start":{"line":5,"column":4},"end":{"line":5,"column":23}},"1":{"start":{"line":6,"column":4},"end":{"line":6,"column":26}},"2":{"start":{"line":10,"column":4},"end":{"line":10,"column":25}},"3":{"start":{"line":11,"column":4},"end":{"line":11,"column":16}},"4":{"start":{"line":15,"column":4},"end":{"line":15,"column":26}},"5":{"start":{"line":17,"column":4},"end":{"line":17,"column":16}},"6":{"start":{"line":21,"column":17},"end":{"line":21,"column":21}},"7":{"start":{"line":22,"column":4},"end":{"line":34,"column":7}},"8":{"start":{"line":24,"column":8},"end":{"line":32,"column":10}},"9":{"start":{"line":26,"column":12},"end":{"line":30,"column":15}},"10":{"start":{"line":29,"column":16},"end":{"line":29,"column":61}}},"fnMap":{"0":{"name":"(anonymous_0)","decl":{"start":{"line":4,"column":2},"end":{"line":4,"column":3}},"loc":{"start":{"line":4,"column":16},"end":{"line":7,"column":3}},"line":4},"1":{"name":"(anonymous_1)","decl":{"start":{"line":9,"column":2},"end":{"line":9,"column":3}},"loc":{"start":{"line":9,"column":20},"end":{"line":12,"column":3}},"line":9},"2":{"name":"(anonymous_2)","decl":{"start":{"line":14,"column":2},"end":{"line":14,"column":3}},"loc":{"start":{"line":14,"column":29},"end":{"line":18,"column":3}},"line":14},"3":{"name":"(anonymous_3)","decl":{"start":{"line":20,"column":2},"end":{"line":20,"column":3}},"loc":{"start":{"line":20,"column":10},"end":{"line":35,"column":3}},"line":20},"4":{"name":"(anonymous_4)","decl":{"start":{"line":23,"column":6},"end":{"line":23,"column":7}},"loc":{"start":{"line":23,"column":19},"end":{"line":33,"column":7}},"line":23},"5":{"name":"(anonymous_5)","decl":{"start":{"line":25,"column":10},"end":{"line":25,"column":11}},"loc":{"start":{"line":25,"column":33},"end":{"line":31,"column":11}},"line":25},"6":{"name":"(anonymous_6)","decl":{"start":{"line":28,"column":14},"end":{"line":28,"column":15}},"loc":{"start":{"line":28,"column":32},"end":{"line":30,"column":15}},"line":28}},"branchMap":{"0":{"loc":{"start":{"line":14,"column":15},"end":{"line":14,"column":27}},"type":"default-arg","locations":[{"start":{"line":14,"column":23},"end":{"line":14,"column":27}}],"line":14},"1":{"loc":{"start":{"line":26,"column":19},"end":{"line":30,"column":15}},"type":"cond-expr","locations":[{"start":{"line":27,"column":14},"end":{"line":27,"column":42}},{"start":{"line":28,"column":14},"end":{"line":30,"column":15}}],"line":26}},"s":{"0":3,"1":3,"2":3,"3":3,"4":1,"5":1,"6":3,"7":3,"8":25,"9":19,"10":3},"f":{"0":3,"1":3,"2":1,"3":3,"4":25,"5":19,"6":3},"b":{"0":[1],"1":[8,11]},"_coverageSchema":"43e27e138ebf9cfc5966b082cf9a028302ed4184","hash":"d278ce42634347abc0f79248bb96991e7832c684"}
,"/Users/dannyyassine/Documents/dev/vuex-objectify/src/helpers.js": {"path":"/Users/dannyyassine/Documents/dev/vuex-objectify/src/helpers.js","statementMap":{"0":{"start":{"line":2,"column":20},"end":{"line":2,"column":23}},"1":{"start":{"line":3,"column":2},"end":{"line":6,"column":19}},"2":{"start":{"line":10,"column":2},"end":{"line":13,"column":3}},"3":{"start":{"line":11,"column":24},"end":{"line":11,"column":56}},"4":{"start":{"line":12,"column":4},"end":{"line":12,"column":63}},"5":{"start":{"line":17,"column":2},"end":{"line":20,"column":3}},"6":{"start":{"line":18,"column":24},"end":{"line":18,"column":56}},"7":{"start":{"line":19,"column":4},"end":{"line":19,"column":61}},"8":{"start":{"line":24,"column":2},"end":{"line":27,"column":3}},"9":{"start":{"line":25,"column":24},"end":{"line":25,"column":56}},"10":{"start":{"line":26,"column":4},"end":{"line":26,"column":53}}},"fnMap":{"0":{"name":"turnCamelCaseToSlashCase","decl":{"start":{"line":1,"column":16},"end":{"line":1,"column":40}},"loc":{"start":{"line":1,"column":46},"end":{"line":7,"column":1}},"line":1},"1":{"name":"getDispatch","decl":{"start":{"line":9,"column":16},"end":{"line":9,"column":27}},"loc":{"start":{"line":9,"column":37},"end":{"line":14,"column":1}},"line":9},"2":{"name":"(anonymous_2)","decl":{"start":{"line":10,"column":9},"end":{"line":10,"column":10}},"loc":{"start":{"line":10,"column":39},"end":{"line":13,"column":3}},"line":10},"3":{"name":"getCommit","decl":{"start":{"line":16,"column":16},"end":{"line":16,"column":25}},"loc":{"start":{"line":16,"column":35},"end":{"line":21,"column":1}},"line":16},"4":{"name":"(anonymous_4)","decl":{"start":{"line":17,"column":9},"end":{"line":17,"column":10}},"loc":{"start":{"line":17,"column":39},"end":{"line":20,"column":3}},"line":17},"5":{"name":"getGetter","decl":{"start":{"line":23,"column":16},"end":{"line":23,"column":25}},"loc":{"start":{"line":23,"column":35},"end":{"line":28,"column":1}},"line":23},"6":{"name":"(anonymous_6)","decl":{"start":{"line":24,"column":9},"end":{"line":24,"column":10}},"loc":{"start":{"line":24,"column":30},"end":{"line":27,"column":3}},"line":24}},"branchMap":{},"s":{"0":11,"1":11,"2":1,"3":1,"4":1,"5":1,"6":2,"7":2,"8":1,"9":8,"10":8},"f":{"0":11,"1":1,"2":1,"3":1,"4":2,"5":1,"6":8},"b":{},"_coverageSchema":"43e27e138ebf9cfc5966b082cf9a028302ed4184","hash":"22caf0bc1a9457c8ce6b6886727facbf154ce95a"}
,"/Users/dannyyassine/Documents/dev/vuex-objectify/src/index.js": {"path":"/Users/dannyyassine/Documents/dev/vuex-objectify/src/index.js","statementMap":{},"fnMap":{},"branchMap":{},"s":{},"f":{},"b":{},"_coverageSchema":"43e27e138ebf9cfc5966b082cf9a028302ed4184","hash":"7575a493a9859b0be0d912f1fdeababf013a2ca4"}
,"/Users/dannyyassine/Documents/dev/vuex-objectify/src/plugin.js": {"path":"/Users/dannyyassine/Documents/dev/vuex-objectify/src/plugin.js","statementMap":{"0":{"start":{"line":4,"column":29},"end":{"line":31,"column":1}},"1":{"start":{"line":10,"column":4},"end":{"line":12,"column":5}},"2":{"start":{"line":11,"column":6},"end":{"line":11,"column":53}},"3":{"start":{"line":14,"column":4},"end":{"line":14,"column":32}},"4":{"start":{"line":16,"column":4},"end":{"line":20,"column":5}},"5":{"start":{"line":17,"column":6},"end":{"line":17,"column":45}},"6":{"start":{"line":18,"column":6},"end":{"line":18,"column":39}},"7":{"start":{"line":19,"column":6},"end":{"line":19,"column":39}},"8":{"start":{"line":22,"column":4},"end":{"line":29,"column":5}},"9":{"start":{"line":23,"column":6},"end":{"line":28,"column":8}},"10":{"start":{"line":33,"column":26},"end":{"line":35,"column":10}},"11":{"start":{"line":34,"column":31},"end":{"line":34,"column":51}},"12":{"start":{"line":37,"column":23},"end":{"line":39,"column":10}},"13":{"start":{"line":38,"column":29},"end":{"line":38,"column":49}},"14":{"start":{"line":41,"column":23},"end":{"line":44,"column":10}},"15":{"start":{"line":42,"column":29},"end":{"line":42,"column":49}}},"fnMap":{"0":{"name":"(anonymous_0)","decl":{"start":{"line":9,"column":2},"end":{"line":9,"column":3}},"loc":{"start":{"line":9,"column":29},"end":{"line":30,"column":3}},"line":9},"1":{"name":"(anonymous_1)","decl":{"start":{"line":34,"column":25},"end":{"line":34,"column":26}},"loc":{"start":{"line":34,"column":31},"end":{"line":34,"column":51}},"line":34},"2":{"name":"(anonymous_2)","decl":{"start":{"line":38,"column":23},"end":{"line":38,"column":24}},"loc":{"start":{"line":38,"column":29},"end":{"line":38,"column":49}},"line":38},"3":{"name":"(anonymous_3)","decl":{"start":{"line":42,"column":23},"end":{"line":42,"column":24}},"loc":{"start":{"line":42,"column":29},"end":{"line":42,"column":49}},"line":42}},"branchMap":{"0":{"loc":{"start":{"line":9,"column":15},"end":{"line":9,"column":27}},"type":"default-arg","locations":[{"start":{"line":9,"column":25},"end":{"line":9,"column":27}}],"line":9},"1":{"loc":{"start":{"line":10,"column":4},"end":{"line":12,"column":5}},"type":"if","locations":[{"start":{"line":10,"column":4},"end":{"line":12,"column":5}},{"start":{"line":10,"column":4},"end":{"line":12,"column":5}}],"line":10},"2":{"loc":{"start":{"line":16,"column":4},"end":{"line":20,"column":5}},"type":"if","locations":[{"start":{"line":16,"column":4},"end":{"line":20,"column":5}},{"start":{"line":16,"column":4},"end":{"line":20,"column":5}}],"line":16},"3":{"loc":{"start":{"line":22,"column":4},"end":{"line":29,"column":5}},"type":"if","locations":[{"start":{"line":22,"column":4},"end":{"line":29,"column":5}},{"start":{"line":22,"column":4},"end":{"line":29,"column":5}}],"line":22},"4":{"loc":{"start":{"line":22,"column":8},"end":{"line":22,"column":52}},"type":"binary-expr","locations":[{"start":{"line":22,"column":8},"end":{"line":22,"column":19}},{"start":{"line":22,"column":23},"end":{"line":22,"column":52}}],"line":22}},"s":{"0":1,"1":3,"2":1,"3":2,"4":2,"5":1,"6":1,"7":1,"8":2,"9":1,"10":1,"11":1,"12":1,"13":2,"14":1,"15":8},"f":{"0":3,"1":1,"2":2,"3":8},"b":{"0":[1],"1":[1,2],"2":[1,1],"3":[1,1],"4":[2,1]},"_coverageSchema":"43e27e138ebf9cfc5966b082cf9a028302ed4184","hash":"927a6b203e39b702612639d371ee8fc2320b74b6"}
}
