TN:
SF:/Users/dannyyassine/Documents/dev/vuex-objectify/src/ProxyBuilder.js
FN:4,(anonymous_0)
FN:9,(anonymous_1)
FN:14,(anonymous_2)
FN:20,(anonymous_3)
FN:23,(anonymous_4)
FN:25,(anonymous_5)
FN:28,(anonymous_6)
FNF:7
FNH:7
FNDA:3,(anonymous_0)
FNDA:3,(anonymous_1)
FNDA:1,(anonymous_2)
FNDA:3,(anonymous_3)
FNDA:25,(anonymous_4)
FNDA:19,(anonymous_5)
FNDA:3,(anonymous_6)
DA:5,3
DA:6,3
DA:10,3
DA:11,3
DA:15,1
DA:17,1
DA:21,3
DA:22,3
DA:24,25
DA:26,19
DA:29,3
LF:11
LH:11
BRDA:14,0,0,1
BRDA:26,1,0,8
BRDA:26,1,1,11
BRF:3
BRH:3
end_of_record
TN:
SF:/Users/dannyyassine/Documents/dev/vuex-objectify/src/helpers.js
FN:1,turnCamelCaseToSlashCase
FN:9,getDispatch
FN:10,(anonymous_2)
FN:16,getCommit
FN:17,(anonymous_4)
FN:23,getGetter
FN:24,(anonymous_6)
FNF:7
FNH:7
FNDA:11,turnCamelCaseToSlashCase
FNDA:1,getDispatch
FNDA:1,(anonymous_2)
FNDA:1,getCommit
FNDA:2,(anonymous_4)
FNDA:1,getGetter
FNDA:8,(anonymous_6)
DA:2,11
DA:3,11
DA:10,1
DA:11,1
DA:12,1
DA:17,1
DA:18,2
DA:19,2
DA:24,1
DA:25,8
DA:26,8
LF:11
LH:11
BRF:0
BRH:0
end_of_record
TN:
SF:/Users/dannyyassine/Documents/dev/vuex-objectify/src/index.js
FNF:0
FNH:0
LF:0
LH:0
BRF:0
BRH:0
end_of_record
TN:
SF:/Users/dannyyassine/Documents/dev/vuex-objectify/src/plugin.js
FN:9,(anonymous_0)
FN:34,(anonymous_1)
FN:38,(anonymous_2)
FN:42,(anonymous_3)
FNF:4
FNH:4
FNDA:3,(anonymous_0)
FNDA:1,(anonymous_1)
FNDA:2,(anonymous_2)
FNDA:8,(anonymous_3)
DA:4,1
DA:10,3
DA:11,1
DA:14,2
DA:16,2
DA:17,1
DA:18,1
DA:19,1
DA:22,2
DA:23,1
DA:33,1
DA:34,1
DA:37,1
DA:38,2
DA:41,1
DA:42,8
LF:16
LH:16
BRDA:9,0,0,1
BRDA:10,1,0,1
BRDA:10,1,1,2
BRDA:16,2,0,1
BRDA:16,2,1,1
BRDA:22,3,0,1
BRDA:22,3,1,1
BRDA:22,4,0,2
BRDA:22,4,1,1
BRF:9
BRH:9
end_of_record
